22:42:17: Creating resource group General
22:42:17: Creating resource group Internal
22:42:17: Creating resource group Autodetect
22:42:17: Registering ResourceManager for type Material
22:42:17: Registering ResourceManager for type Skeleton
22:42:17: Registering ResourceManager for type Mesh
22:42:17: MeshSerializer writing mesh data to C:\OGRE\OgrePongAssignment\New Folder(1)\bd.mesh.xml...
22:42:17: File header written.
22:42:17: Writing mesh data...
22:42:17: Writing submesh...
22:42:17: Exporting submesh texture aliases...
22:42:17: Submesh texture aliases exported.
22:42:17: Submesh exported.
22:42:17: Exporting bounds information....
22:42:17: Bounds information exported.
22:42:17: Exporting submesh name table...
22:42:17: Submesh name table exported.
22:42:17: Exporting edge lists...
22:42:17: Edge lists exported
22:42:17: Mesh data exported.
22:42:17: MeshSerializer export successful.
22:42:17: Unregistering ResourceManager for type Mesh
22:42:17: Unregistering ResourceManager for type Skeleton
22:42:17: Unregistering ResourceManager for type Material
