13:55:43: Creating resource group General
13:55:43: Creating resource group Internal
13:55:43: Creating resource group Autodetect
13:55:43: Registering ResourceManager for type Mesh
13:55:43: Registering ResourceManager for type Material
13:55:43: Registering ResourceManager for type Skeleton
13:55:43: XMLMeshSerializer reading mesh data from C:\OGRE\OgrePongAssignment\New folder (2)\New Folder\temp\Ground.mesh.xml...
13:55:43: Reading geometry...
13:55:43: Geometry done...
13:55:43: Reading submeshes...
13:55:43: Submeshes done.
13:55:43: Reading mesh names...
13:55:43: Mesh names done.
13:55:43: XMLMeshSerializer import successful.
13:55:43: Reorganising vertex buffers to automatic layout..
13:55:43: MeshSerializer writing mesh data to C:\OGRE\OgrePongAssignment\New folder (2)\New Folder\temp\Ground.mesh...
13:55:43: File header written.
13:55:43: Writing mesh data...
13:55:43: Writing submesh...
13:55:43: Exporting submesh texture aliases...
13:55:43: Submesh texture aliases exported.
13:55:43: Submesh exported.
13:55:43: Exporting bounds information....
13:55:43: Bounds information exported.
13:55:43: Exporting submesh name table...
13:55:43: Submesh name table exported.
13:55:43: Exporting edge lists...
13:55:43: Edge lists exported
13:55:43: Mesh data exported.
13:55:43: MeshSerializer export successful.
13:55:43: Unregistering ResourceManager for type Skeleton
13:55:43: Unregistering ResourceManager for type Material
13:55:43: Unregistering ResourceManager for type Mesh
