00:53:21: Creating resource group General
00:53:21: Creating resource group Internal
00:53:21: Creating resource group Autodetect
00:53:21: SceneManagerFactory for type 'DefaultSceneManager' registered.
00:53:21: Registering ResourceManager for type Material
00:53:21: Registering ResourceManager for type Mesh
00:53:21: Registering ResourceManager for type Skeleton
00:53:21: MovableObjectFactory for type 'ParticleSystem' registered.
00:53:21: ArchiveFactory for archive type FileSystem registered.
00:53:21: ArchiveFactory for archive type Zip registered.
00:53:21: ArchiveFactory for archive type EmbeddedZip registered.
00:53:21: DDS codec registering
00:53:21: FreeImage version: 3.15.3
00:53:21: This program uses FreeImage, a free, open source image library supporting all common bitmap formats. See http://freeimage.sourceforge.net for details
00:53:21: Supported formats: bmp,ico,jpg,jif,jpeg,jpe,jng,koa,iff,lbm,mng,pbm,pbm,pcd,pcx,pgm,pgm,png,ppm,ppm,ras,tga,targa,tif,tiff,wap,wbmp,wbm,psd,cut,xbm,xpm,gif,hdr,g3,sgi,exr,j2k,j2c,jp2,pfm,pct,pict,pic,3fr,arw,bay,bmq,cap,cine,cr2,crw,cs1,dc2,dcr,drf,dsc,dng,erf,fff,ia,iiq,k25,kc2,kdc,mdc,mef,mos,mrw,nef,nrw,orf,pef,ptx,pxn,qtk,raf,raw,rdc,rw2,rwl,rwz,sr2,srf,srw,sti
00:53:21: Registering ResourceManager for type HighLevelGpuProgram
00:53:21: Registering ResourceManager for type Compositor
00:53:21: MovableObjectFactory for type 'Entity' registered.
00:53:21: MovableObjectFactory for type 'Light' registered.
00:53:21: MovableObjectFactory for type 'BillboardSet' registered.
00:53:21: MovableObjectFactory for type 'ManualObject' registered.
00:53:21: MovableObjectFactory for type 'BillboardChain' registered.
00:53:21: MovableObjectFactory for type 'RibbonTrail' registered.
00:53:21: Loading library .\RenderSystem_Direct3D9_d
00:53:21: Installing plugin: D3D9 RenderSystem
00:53:21: D3D9 : Direct3D9 Rendering Subsystem created.
00:53:21: D3D9: Driver Detection Starts
00:53:21: D3D9: Driver Detection Ends
00:53:21: Plugin successfully installed
00:53:21: Loading library .\RenderSystem_GL_d
00:53:21: Installing plugin: GL RenderSystem
00:53:21: OpenGL Rendering Subsystem created.
00:53:22: Plugin successfully installed
00:53:22: Loading library .\Plugin_PCZSceneManager_d
00:53:22: Installing plugin: Portal Connected Zone Scene Manager
00:53:22: PCZone Factory Type 'ZoneType_Default' registered
00:53:22: Plugin successfully installed
00:53:22: Loading library .\Plugin_OctreeZone_d
00:53:22: Installing plugin: Octree Zone Factory
00:53:22: Plugin successfully installed
00:53:22: Loading library .\Plugin_OctreeSceneManager_d
00:53:22: Installing plugin: Octree Scene Manager
00:53:22: Plugin successfully installed
00:53:22: *-*-* OGRE Initialising
00:53:22: *-*-* Version 1.9.0 (Ghadamon)
00:53:22: Added resource location '../OgrePong/Content/' of type 'FileSystem' to resource group 'General'
00:53:22: Added resource location '../OgrePong/Content//Models/' of type 'FileSystem' to resource group 'General'
00:53:22: Added resource location '../OgrePong/Content//Materials/' of type 'FileSystem' to resource group 'General'
00:53:22: Added resource location '../OgrePong/Content/Overlays/' of type 'FileSystem' to resource group 'General'
00:53:22: D3D9 : RenderSystem Option: Allow DirectX9Ex = No
00:53:22: D3D9 : RenderSystem Option: Allow NVPerfHUD = No
00:53:22: D3D9 : RenderSystem Option: FSAA = 0
00:53:22: D3D9 : RenderSystem Option: Fixed Pipeline Enabled = Yes
00:53:22: D3D9 : RenderSystem Option: Floating-point mode = Fastest
00:53:22: D3D9 : RenderSystem Option: Full Screen = No
00:53:22: D3D9 : RenderSystem Option: Multi device memory hint = Use minimum system memory
00:53:22: D3D9 : RenderSystem Option: Rendering Device = Monitor-1-NVIDIA Quadro 600
00:53:22: D3D9 : RenderSystem Option: Resource Creation Policy = Create on all devices
00:53:22: D3D9 : RenderSystem Option: Use Multihead = Auto
00:53:22: D3D9 : RenderSystem Option: VSync = No
00:53:22: D3D9 : RenderSystem Option: VSync Interval = 1
00:53:22: D3D9 : RenderSystem Option: Video Mode = 800 x 600 @ 32-bit colour
00:53:22: D3D9 : RenderSystem Option: sRGB Gamma Conversion = No
00:53:23: CPU Identifier & Features
00:53:23: -------------------------
00:53:23:  *   CPU ID: GenuineIntel: Intel(R) Core(TM) i5-3230M CPU @ 2.60GHz
00:53:23:  *      SSE: yes
00:53:23:  *     SSE2: yes
00:53:23:  *     SSE3: yes
00:53:23:  *      MMX: yes
00:53:23:  *   MMXEXT: yes
00:53:23:  *    3DNOW: no
00:53:23:  * 3DNOWEXT: no
00:53:23:  *     CMOV: yes
00:53:23:  *      TSC: yes
00:53:23:  *      FPU: yes
00:53:23:  *      PRO: yes
00:53:23:  *       HT: no
00:53:23: -------------------------
00:53:23: *** Starting Win32GL Subsystem ***
00:53:23: Registering ResourceManager for type Texture
00:53:23: GLRenderSystem::_createRenderWindow "OGRE Render Window", 1024x768 windowed  miscParams: FSAA=0 FSAAHint= colourDepth=32 displayFrequency=0 gamma=false vsync=false vsyncInterval=1 
00:53:23: Created Win32Window 'OGRE Render Window' : 1040x728, 32bpp
00:53:23: GL_VERSION = 4.0.0 - Build 9.17.10.4229
00:53:23: GL_VENDOR = Intel
00:53:23: GL_RENDERER = Intel(R) HD Graphics 4000
00:53:23: GL_EXTENSIONS = GL_EXT_blend_minmax GL_EXT_blend_subtract GL_EXT_blend_color GL_EXT_abgr GL_EXT_texture3D GL_EXT_clip_volume_hint GL_EXT_compiled_vertex_array GL_SGIS_texture_edge_clamp GL_SGIS_generate_mipmap GL_EXT_draw_range_elements GL_SGIS_texture_lod GL_EXT_rescale_normal GL_EXT_packed_pixels GL_EXT_texture_edge_clamp GL_EXT_separate_specular_color GL_ARB_multitexture GL_EXT_texture_env_combine GL_EXT_bgra GL_EXT_blend_func_separate GL_EXT_secondary_color GL_EXT_fog_coord GL_EXT_texture_env_add GL_ARB_texture_cube_map GL_ARB_transpose_matrix GL_ARB_texture_env_add GL_IBM_texture_mirrored_repeat GL_EXT_multi_draw_arrays GL_SUN_multi_draw_arrays GL_NV_blend_square GL_ARB_texture_compression GL_3DFX_texture_compression_FXT1 GL_EXT_texture_filter_anisotropic GL_ARB_texture_border_clamp GL_ARB_point_parameters GL_ARB_texture_env_combine GL_ARB_texture_env_dot3 GL_ARB_texture_env_crossbar GL_EXT_texture_compression_s3tc GL_ARB_shadow GL_ARB_window_pos GL_EXT_shadow_funcs GL_EXT_stencil_wrap GL_ARB_vertex_program GL_EXT_texture_rectangle GL_ARB_fragment_program GL_EXT_stencil_two_side GL_ATI_separate_stencil GL_ARB_vertex_buffer_object GL_EXT_texture_lod_bias GL_ARB_occlusion_query GL_ARB_fragment_shader GL_ARB_shader_objects GL_ARB_shading_language_100 GL_ARB_texture_non_power_of_two GL_ARB_vertex_shader GL_NV_texgen_reflection GL_ARB_point_sprite GL_ARB_fragment_program_shadow GL_EXT_blend_equation_separate GL_ARB_depth_texture GL_ARB_texture_rectangle GL_ARB_draw_buffers GL_ARB_color_buffer_float GL_ARB_half_float_pixel GL_ARB_texture_float GL_ARB_pixel_buffer_object GL_EXT_framebuffer_object GL_ARB_draw_instanced GL_ARB_half_float_vertex GL_ARB_occlusion_query2 GL_EXT_draw_buffers2 GL_WIN_swap_hint GL_EXT_texture_sRGB GL_ARB_multisample GL_EXT_packed_float GL_EXT_texture_shared_exponent GL_ARB_texture_rg GL_ARB_texture_compression_rgtc GL_NV_conditional_render GL_EXT_texture_swizzle GL_ARB_texture_gather GL_ARB_sync GL_ARB_framebuffer_sRGB GL_EXT_packed_depth_stencil GL_ARB_depth_buffer_float GL_EXT_transform_feedback GL_ARB_transform_feedback2 GL_ARB_draw_indirect GL_EXT_framebuffer_blit GL_EXT_framebuffer_multisample GL_ARB_framebuffer_object GL_EXT_texture_array GL_EXT_texture_integer GL_ARB_map_buffer_range GL_EXT_texture_snorm GL_ARB_blend_func_extended GL_INTEL_performance_queries GL_ARB_copy_buffer GL_ARB_sampler_objects GL_NV_primitive_restart GL_ARB_seamless_cube_map GL_ARB_uniform_buffer_object GL_ARB_depth_clamp GL_ARB_vertex_array_bgra GL_ARB_shader_bit_encoding GL_ARB_draw_buffers_blend GL_ARB_geometry_shader4 GL_ARB_texture_query_lod GL_ARB_explicit_attrib_location GL_ARB_draw_elements_base_vertex GL_ARB_instanced_arrays GL_ARB_fragment_coord_conventions GL_EXT_gpu_program_parameters GL_ARB_texture_buffer_object_rgb32 GL_ARB_compatibility GL_ARB_texture_rgb10_a2ui GL_ARB_texture_multisample GL_ARB_vertex_type_2_10_10_10_rev GL_ARB_timer_query GL_INTEL_map_texture GL_ARB_tessellation_shader GL_ARB_vertex_array_object GL_ARB_provoking_vertex GL_ARB_sample_shading GL_ARB_texture_cube_map_array GL_ARB_gpu_shader5 GL_ARB_gpu_shader_fp64 GL_ARB_shader_subroutine GL_ARB_transform_feedback3 
00:53:23: Supported WGL extensions: WGL_EXT_depth_float WGL_ARB_buffer_region WGL_ARB_extensions_string WGL_ARB_make_current_read WGL_ARB_pixel_format WGL_ARB_pbuffer WGL_EXT_extensions_string WGL_EXT_swap_control WGL_EXT_swap_control_tear WGL_ARB_multisample WGL_ARB_pixel_format_float WGL_ARB_framebuffer_sRGB WGL_ARB_create_context WGL_ARB_create_context_profile WGL_EXT_pixel_format_packed_float WGL_EXT_create_context_es2_profile 
00:53:23: ***************************
00:53:23: *** GL Renderer Started ***
00:53:23: ***************************
00:53:23: Registering ResourceManager for type GpuProgram
00:53:23: GLSL support detected
00:53:23: GL: Using GL_EXT_framebuffer_object for rendering to textures (best)
00:53:23: FBO PF_UNKNOWN depth/stencil support: D0S1 D0S4 D0S8 D0S16 D16S0 D24S0 D32S0 Packed-D24S8 
00:53:23: FBO PF_A8 depth/stencil support: D0S0 D0S1 D0S4 D0S8 D0S16 D16S0 D24S0 D32S0 Packed-D24S8 
00:53:23: FBO PF_R5G6B5 depth/stencil support: D0S0 D0S1 D0S4 D0S8 D0S16 D16S0 D24S0 D32S0 Packed-D24S8 
00:53:23: FBO PF_B5G6R5 depth/stencil support: D0S0 D0S1 D0S4 D0S8 D0S16 D16S0 D24S0 D32S0 Packed-D24S8 
00:53:23: FBO PF_R8G8B8 depth/stencil support: D0S0 D0S1 D0S4 D0S8 D0S16 D16S0 D24S0 D32S0 Packed-D24S8 
00:53:23: FBO PF_B8G8R8 depth/stencil support: D0S0 D0S1 D0S4 D0S8 D0S16 D16S0 D24S0 D32S0 Packed-D24S8 
00:53:23: FBO PF_A8R8G8B8 depth/stencil support: D0S0 D0S1 D0S4 D0S8 D0S16 D16S0 D24S0 D32S0 Packed-D24S8 
00:53:23: FBO PF_B8G8R8A8 depth/stencil support: D0S0 D0S1 D0S4 D0S8 D0S16 D16S0 D24S0 D32S0 Packed-D24S8 
00:53:23: FBO PF_A2R10G10B10 depth/stencil support: D0S0 D0S1 D0S4 D0S8 D0S16 D16S0 D24S0 D32S0 Packed-D24S8 
00:53:23: FBO PF_A2B10G10R10 depth/stencil support: D0S0 D0S1 D0S4 D0S8 D0S16 D16S0 D24S0 D32S0 Packed-D24S8 
00:53:23: FBO PF_FLOAT16_RGB depth/stencil support: D0S0 D0S1 D0S4 D0S8 D0S16 D16S0 D24S0 D32S0 Packed-D24S8 
00:53:23: FBO PF_FLOAT16_RGBA depth/stencil support: D0S0 D0S1 D0S4 D0S8 D0S16 D16S0 D24S0 D32S0 Packed-D24S8 
00:53:23: FBO PF_FLOAT32_RGB depth/stencil support: D0S0 D0S1 D0S4 D0S8 D0S16 D16S0 D24S0 D32S0 Packed-D24S8 
00:53:23: FBO PF_FLOAT32_RGBA depth/stencil support: D0S0 D0S1 D0S4 D0S8 D0S16 D16S0 D24S0 D32S0 Packed-D24S8 
00:53:23: FBO PF_X8R8G8B8 depth/stencil support: D0S0 D0S1 D0S4 D0S8 D0S16 D16S0 D24S0 D32S0 Packed-D24S8 
00:53:23: FBO PF_X8B8G8R8 depth/stencil support: D0S0 D0S1 D0S4 D0S8 D0S16 D16S0 D24S0 D32S0 Packed-D24S8 
00:53:23: FBO PF_SHORT_RGBA depth/stencil support: D0S0 D0S1 D0S4 D0S8 D0S16 D16S0 D24S0 D32S0 Packed-D24S8 
00:53:23: FBO PF_R3G3B2 depth/stencil support: D0S0 D0S1 D0S4 D0S8 D0S16 D16S0 D24S0 D32S0 Packed-D24S8 
00:53:23: FBO PF_SHORT_RGB depth/stencil support: D0S0 D0S1 D0S4 D0S8 D0S16 D16S0 D24S0 D32S0 Packed-D24S8 
00:53:23: [GL] : Valid FBO targets PF_UNKNOWN PF_A8 PF_R5G6B5 PF_B5G6R5 PF_R8G8B8 PF_B8G8R8 PF_A8R8G8B8 PF_B8G8R8A8 PF_A2R10G10B10 PF_A2B10G10R10 PF_FLOAT16_RGB PF_FLOAT16_RGBA PF_FLOAT32_RGB PF_FLOAT32_RGBA PF_X8R8G8B8 PF_X8B8G8R8 PF_SHORT_RGBA PF_R3G3B2 PF_SHORT_RGB 
00:53:23: RenderSystem capabilities
00:53:23: -------------------------
00:53:23: RenderSystem Name: OpenGL Rendering Subsystem
00:53:23: GPU Vendor: intel
00:53:23: Device Name: Intel(R) HD Graphics 4000
00:53:23: Driver Version: 4.0.0.0
00:53:23:  * Fixed function pipeline: yes
00:53:23:  * Hardware generation of mipmaps: no
00:53:23:  * Texture blending: yes
00:53:23:  * Anisotropic texture filtering: yes
00:53:23:  * Dot product texture operation: yes
00:53:23:  * Cube mapping: yes
00:53:23:  * Hardware stencil buffer: yes
00:53:23:    - Stencil depth: 8
00:53:23:    - Two sided stencil support: yes
00:53:23:    - Wrap stencil values: yes
00:53:23:  * Hardware vertex / index buffers: yes
00:53:23:  * Vertex programs: yes
00:53:23:  * Number of floating-point constants for vertex programs: 256
00:53:23:  * Number of integer constants for vertex programs: 0
00:53:23:  * Number of boolean constants for vertex programs: 0
00:53:23:  * Fragment programs: yes
00:53:23:  * Number of floating-point constants for fragment programs: 256
00:53:23:  * Number of integer constants for fragment programs: 0
00:53:23:  * Number of boolean constants for fragment programs: 0
00:53:23:  * Geometry programs: no
00:53:23:  * Number of floating-point constants for geometry programs: 0
00:53:23:  * Number of integer constants for geometry programs: 0
00:53:23:  * Number of boolean constants for geometry programs: 0
00:53:23:  * Tesselation Hull programs: no
00:53:23:  * Number of floating-point constants for tesselation hull programs: 0
00:53:23:  * Number of integer constants for tesselation hull programs: 0
00:53:23:  * Number of boolean constants for tesselation hull programs: 0
00:53:23:  * Tesselation Domain programs: no
00:53:23:  * Number of floating-point constants for tesselation domain programs: 0
00:53:23:  * Number of integer constants for tesselation domain programs: 0
00:53:23:  * Number of boolean constants for tesselation domain programs: 0
00:53:23:  * Compute programs: no
00:53:23:  * Number of floating-point constants for compute programs: 0
00:53:23:  * Number of integer constants for compute programs: 0
00:53:23:  * Number of boolean constants for compute programs: 0
00:53:23:  * Supported Shader Profiles: arbfp1 arbvp1 glsl
00:53:23:  * Texture Compression: yes
00:53:23:    - DXT: yes
00:53:23:    - VTC: no
00:53:23:    - PVRTC: no
00:53:23:    - ATC: no
00:53:23:    - ETC1: no
00:53:23:    - ETC2: no
00:53:23:    - BC4/BC5: no
00:53:23:    - BC6H/BC7: no
00:53:23:  * Scissor Rectangle: yes
00:53:23:  * Hardware Occlusion Query: yes
00:53:23:  * User clip planes: yes
00:53:23:  * VET_UBYTE4 vertex element type: yes
00:53:23:  * Infinite far plane projection: yes
00:53:23:  * Hardware render-to-texture: yes
00:53:23:  * Floating point textures: yes
00:53:23:  * Non-power-of-two textures: yes
00:53:23:  * 1d textures: yes
00:53:23:  * Volume textures: yes
00:53:23:  * Multiple Render Targets: 8
00:53:23:    - With different bit depths: yes
00:53:23:  * Point Sprites: yes
00:53:23:  * Extended point parameters: yes
00:53:23:  * Max Point Size: 255
00:53:23:  * Vertex texture fetch: yes
00:53:23:  * Number of world matrices: 0
00:53:23:  * Number of texture units: 16
00:53:23:  * Stencil buffer depth: 8
00:53:23:  * Number of vertex blend matrices: 0
00:53:23:    - Max vertex textures: 16
00:53:23:    - Vertex textures shared: yes
00:53:23:  * Render to Vertex Buffer : no
00:53:23:  * Hardware Atomic Counters: no
00:53:23:  * GL 1.5 without VBO workaround: no
00:53:23:  * Frame Buffer objects: yes
00:53:23:  * Frame Buffer objects (ARB extension): no
00:53:23:  * Frame Buffer objects (ATI extension): no
00:53:23:  * PBuffer support: yes
00:53:23:  * GL 1.5 without HW-occlusion workaround: no
00:53:23:  * Vertex Array Objects: no
00:53:23:  * Separate shader objects: no
00:53:23: DefaultWorkQueue('Root') initialising on thread de8.
00:53:23: DefaultWorkQueue('Root')::WorkerFunc - thread 628 starting.
00:53:23: DefaultWorkQueue('Root')::WorkerFunc - thread 568 starting.
00:53:23: DefaultWorkQueue('Root')::WorkerFunc - thread d3c starting.
00:53:23: DefaultWorkQueue('Root')::WorkerFunc - thread 13b4 starting.
00:53:23: Particle Renderer Type 'billboard' registered
00:53:23: SceneManagerFactory for type 'PCZSceneManager' registered.
00:53:23: MovableObjectFactory for type 'PCZLight' registered.
00:53:23: MovableObjectFactory for type 'Portal' registered.
00:53:23: MovableObjectFactory for type 'AntiPortal' registered.
00:53:23: PCZone Factory Type 'ZoneType_Octree' registered
00:53:23: SceneManagerFactory for type 'OctreeSceneManager' registered.
00:53:23: OverlayElementFactory for type Panel registered.
00:53:23: OverlayElementFactory for type BorderPanel registered.
00:53:23: OverlayElementFactory for type TextArea registered.
00:53:23: Registering ResourceManager for type Font
00:53:23: Parsing scripts for resource group Autodetect
00:53:23: Finished parsing scripts for resource group Autodetect
00:53:23: Creating resources for group Autodetect
00:53:23: All done
00:53:23: Parsing scripts for resource group General
00:53:23: Parsing script ground.material
00:53:23: Parsing script Material.material
00:53:23: Parsing script Ogre.material
00:53:23: Parsing script Penguin.material
00:53:23: Parsing script Tank.material
00:53:23: Parsing script CoinMat.material
00:53:23: Parsing script CrossMat.material
00:53:23: Parsing script ground.material
00:53:23: Parsing script Material.material
00:53:23: Parsing script MyCube.material
00:53:23: Parsing script SolidColor.material
00:53:23: Parsing script bluehigh.fontdef
00:53:23: Parsing script GameOver.overlay
00:53:23: Parsing script Score.overlay
00:53:23: Finished parsing scripts for resource group General
00:53:23: Creating resources for group General
00:53:23: All done
00:53:23: Parsing scripts for resource group Internal
00:53:23: Finished parsing scripts for resource group Internal
00:53:23: Creating resources for group Internal
00:53:23: All done
00:53:23: Mesh: Loading bd.mesh.
00:53:23: WARNING: bd.mesh is an older format ([MeshSerializer_v1.41]); you should upgrade it as soon as possible using the OgreMeshUpgrade tool.
00:53:23: Mesh: Loading Cube.mesh.
00:53:23: WARNING: Cube.mesh is an older format ([MeshSerializer_v1.41]); you should upgrade it as soon as possible using the OgreMeshUpgrade tool.
00:53:23: Mesh: Loading Tank.mesh.
00:53:23: WARNING: Tank.mesh is an older format ([MeshSerializer_v1.40]); you should upgrade it as soon as possible using the OgreMeshUpgrade tool.
00:53:23: Texture: Tank.jpg: Loading 1 faces(PF_R8G8B8,225x225x1) with 5 generated mipmaps from Image. Internal format is PF_X8R8G8B8,225x225x1.
00:53:23: Mesh: Loading penguin.mesh.
00:53:23: Skeleton: Loading penguin.skeleton
00:53:23: Texture: penguin.jpg: Loading 1 faces(PF_R8G8B8,512x512x1) with 5 generated mipmaps from Image. Internal format is PF_X8R8G8B8,512x512x1.
00:53:23: Mesh: Loading ogrehead.mesh.
00:53:23: Texture: GreenSkin.jpg: Loading 1 faces(PF_R8G8B8,256x256x1) with 5 generated mipmaps from Image. Internal format is PF_X8R8G8B8,256x256x1.
00:53:23: Texture: spheremap.png: Loading 1 faces(PF_R8G8B8,256x256x1) with 5 generated mipmaps from Image. Internal format is PF_X8R8G8B8,256x256x1.
00:53:23: Texture: tusk.jpg: Loading 1 faces(PF_R8G8B8,128x128x1) with 5 generated mipmaps from Image. Internal format is PF_X8R8G8B8,128x128x1.
00:53:23: Mesh: Loading MyCube.mesh.
00:53:23: WARNING: MyCube.mesh is an older format ([MeshSerializer_v1.40]); you should upgrade it as soon as possible using the OgreMeshUpgrade tool.
00:53:23: Texture: MyCube.jpg: Loading 1 faces(PF_R8G8B8,512x512x1) with 5 generated mipmaps from Image. Internal format is PF_X8R8G8B8,512x512x1.
00:53:23: Mesh: Loading Ground.mesh.
00:53:23: WARNING: Ground.mesh is an older format ([MeshSerializer_v1.41]); you should upgrade it as soon as possible using the OgreMeshUpgrade tool.
00:53:23: Mesh: Loading Crosshair.mesh.
00:53:23: WARNING: Crosshair.mesh is an older format ([MeshSerializer_v1.41]); you should upgrade it as soon as possible using the OgreMeshUpgrade tool.
00:53:23: Texture: Crosshair.png: Loading 1 faces(PF_A8R8G8B8,1024x1024x1) with 5 generated mipmaps from Image. Internal format is PF_A8R8G8B8,1024x1024x1.
00:53:24: Font MyFont using texture size 512x256
00:53:24: Info: Freetype returned null for character 160 in font MyFont
00:53:24: Texture: MyFontTexture: Loading 1 faces(PF_BYTE_LA,512x256x1) with 0 generated mipmaps from Image. Internal format is PF_BYTE_LA,512x256x1.
00:53:24: Font Myfon using texture size 1024x1024
00:53:24: Info: Freetype returned null for character 127 in font Myfon
00:53:24: Info: Freetype returned null for character 128 in font Myfon
00:53:24: Info: Freetype returned null for character 129 in font Myfon
00:53:24: Info: Freetype returned null for character 130 in font Myfon
00:53:24: Info: Freetype returned null for character 131 in font Myfon
00:53:24: Info: Freetype returned null for character 132 in font Myfon
00:53:24: Info: Freetype returned null for character 133 in font Myfon
00:53:24: Info: Freetype returned null for character 134 in font Myfon
00:53:24: Info: Freetype returned null for character 135 in font Myfon
00:53:24: Info: Freetype returned null for character 136 in font Myfon
00:53:24: Info: Freetype returned null for character 137 in font Myfon
00:53:24: Info: Freetype returned null for character 138 in font Myfon
00:53:24: Info: Freetype returned null for character 139 in font Myfon
00:53:24: Info: Freetype returned null for character 140 in font Myfon
00:53:24: Info: Freetype returned null for character 141 in font Myfon
00:53:24: Info: Freetype returned null for character 142 in font Myfon
00:53:24: Info: Freetype returned null for character 143 in font Myfon
00:53:24: Info: Freetype returned null for character 144 in font Myfon
00:53:24: Info: Freetype returned null for character 145 in font Myfon
00:53:24: Info: Freetype returned null for character 146 in font Myfon
00:53:24: Info: Freetype returned null for character 147 in font Myfon
00:53:24: Info: Freetype returned null for character 148 in font Myfon
00:53:24: Info: Freetype returned null for character 149 in font Myfon
00:53:24: Info: Freetype returned null for character 150 in font Myfon
00:53:24: Info: Freetype returned null for character 151 in font Myfon
00:53:24: Info: Freetype returned null for character 152 in font Myfon
00:53:24: Info: Freetype returned null for character 153 in font Myfon
00:53:24: Info: Freetype returned null for character 154 in font Myfon
00:53:24: Info: Freetype returned null for character 155 in font Myfon
00:53:24: Info: Freetype returned null for character 156 in font Myfon
00:53:24: Info: Freetype returned null for character 157 in font Myfon
00:53:24: Info: Freetype returned null for character 158 in font Myfon
00:53:24: Info: Freetype returned null for character 159 in font Myfon
00:53:24: Info: Freetype returned null for character 160 in font Myfon
00:53:24: Texture: MyfonTexture: Loading 1 faces(PF_BYTE_LA,1024x1024x1) with 0 generated mipmaps from Image. Internal format is PF_BYTE_LA,1024x1024x1.
00:53:25: Font Myf using texture size 256x128
00:53:25: Info: Freetype returned null for character 96 in font Myf
00:53:25: Info: Freetype returned null for character 127 in font Myf
00:53:25: Info: Freetype returned null for character 128 in font Myf
00:53:25: Info: Freetype returned null for character 129 in font Myf
00:53:25: Info: Freetype returned null for character 130 in font Myf
00:53:25: Info: Freetype returned null for character 131 in font Myf
00:53:25: Info: Freetype returned null for character 132 in font Myf
00:53:25: Info: Freetype returned null for character 133 in font Myf
00:53:25: Info: Freetype returned null for character 134 in font Myf
00:53:25: Info: Freetype returned null for character 135 in font Myf
00:53:25: Info: Freetype returned null for character 136 in font Myf
00:53:25: Info: Freetype returned null for character 137 in font Myf
00:53:25: Info: Freetype returned null for character 138 in font Myf
00:53:25: Info: Freetype returned null for character 139 in font Myf
00:53:25: Info: Freetype returned null for character 140 in font Myf
00:53:25: Info: Freetype returned null for character 141 in font Myf
00:53:25: Info: Freetype returned null for character 142 in font Myf
00:53:25: Info: Freetype returned null for character 143 in font Myf
00:53:25: Info: Freetype returned null for character 144 in font Myf
00:53:25: Info: Freetype returned null for character 145 in font Myf
00:53:25: Info: Freetype returned null for character 146 in font Myf
00:53:25: Info: Freetype returned null for character 147 in font Myf
00:53:25: Info: Freetype returned null for character 148 in font Myf
00:53:25: Info: Freetype returned null for character 149 in font Myf
00:53:25: Info: Freetype returned null for character 150 in font Myf
00:53:25: Info: Freetype returned null for character 151 in font Myf
00:53:25: Info: Freetype returned null for character 152 in font Myf
00:53:25: Info: Freetype returned null for character 153 in font Myf
00:53:25: Info: Freetype returned null for character 154 in font Myf
00:53:25: Info: Freetype returned null for character 155 in font Myf
00:53:25: Info: Freetype returned null for character 156 in font Myf
00:53:25: Info: Freetype returned null for character 157 in font Myf
00:53:25: Info: Freetype returned null for character 158 in font Myf
00:53:25: Info: Freetype returned null for character 159 in font Myf
00:53:25: Info: Freetype returned null for character 160 in font Myf
00:53:25: Texture: MyfTexture: Loading 1 faces(PF_BYTE_LA,256x128x1) with 0 generated mipmaps from Image. Internal format is PF_BYTE_LA,256x128x1.
00:53:53: Mesh: Loading Sphere.mesh.
00:53:53: WARNING: Sphere.mesh is an older format ([MeshSerializer_v1.41]); you should upgrade it as soon as possible using the OgreMeshUpgrade tool.
00:53:53: Can't assign material _missing_material_ to SubEntity of Ogre/MO54 because this Material does not exist. Have you forgotten to define it in a .material script?
00:53:57: Can't assign material _missing_material_ to SubEntity of Ogre/MO55 because this Material does not exist. Have you forgotten to define it in a .material script?
00:53:58: Can't assign material _missing_material_ to SubEntity of Ogre/MO56 because this Material does not exist. Have you forgotten to define it in a .material script?
00:53:58: Can't assign material _missing_material_ to SubEntity of Ogre/MO57 because this Material does not exist. Have you forgotten to define it in a .material script?
00:53:59: Can't assign material _missing_material_ to SubEntity of Ogre/MO58 because this Material does not exist. Have you forgotten to define it in a .material script?
00:54:00: Can't assign material _missing_material_ to SubEntity of Ogre/MO59 because this Material does not exist. Have you forgotten to define it in a .material script?
00:54:00: Can't assign material _missing_material_ to SubEntity of Ogre/MO60 because this Material does not exist. Have you forgotten to define it in a .material script?
00:54:01: Can't assign material _missing_material_ to SubEntity of Ogre/MO61 because this Material does not exist. Have you forgotten to define it in a .material script?
00:54:01: Can't assign material _missing_material_ to SubEntity of Ogre/MO62 because this Material does not exist. Have you forgotten to define it in a .material script?
00:54:02: Can't assign material _missing_material_ to SubEntity of Ogre/MO63 because this Material does not exist. Have you forgotten to define it in a .material script?
00:54:02: Can't assign material _missing_material_ to SubEntity of Ogre/MO64 because this Material does not exist. Have you forgotten to define it in a .material script?
00:54:03: Can't assign material _missing_material_ to SubEntity of Ogre/MO65 because this Material does not exist. Have you forgotten to define it in a .material script?
00:54:03: Can't assign material _missing_material_ to SubEntity of Ogre/MO66 because this Material does not exist. Have you forgotten to define it in a .material script?
00:54:04: Can't assign material _missing_material_ to SubEntity of Ogre/MO67 because this Material does not exist. Have you forgotten to define it in a .material script?
00:54:05: Can't assign material _missing_material_ to SubEntity of Ogre/MO68 because this Material does not exist. Have you forgotten to define it in a .material script?
00:54:05: Can't assign material _missing_material_ to SubEntity of Ogre/MO69 because this Material does not exist. Have you forgotten to define it in a .material script?
00:54:06: Can't assign material _missing_material_ to SubEntity of Ogre/MO70 because this Material does not exist. Have you forgotten to define it in a .material script?
00:54:06: Can't assign material _missing_material_ to SubEntity of Ogre/MO71 because this Material does not exist. Have you forgotten to define it in a .material script?
00:54:08: DefaultWorkQueue('Root') shutting down on thread de8.
00:54:08: DefaultWorkQueue('Root')::WorkerFunc - thread d3c stopped.
00:54:08: DefaultWorkQueue('Root')::WorkerFunc - thread 628 stopped.
00:54:08: DefaultWorkQueue('Root')::WorkerFunc - thread 568 stopped.
00:54:08: DefaultWorkQueue('Root')::WorkerFunc - thread 13b4 stopped.
00:54:08: PCZone Factory Type 'ZoneType_Octree' unregistered
00:54:08: *-*-* OGRE Shutdown
00:54:08: Unregistering ResourceManager for type Compositor
00:54:08: Unregistering ResourceManager for type Skeleton
00:54:08: Unregistering ResourceManager for type Mesh
00:54:08: Unregistering ResourceManager for type HighLevelGpuProgram
00:54:08: Uninstalling plugin: Octree Scene Manager
00:54:08: Plugin successfully uninstalled
00:54:08: Unloading library .\Plugin_OctreeSceneManager_d
00:54:08: Uninstalling plugin: Octree Zone Factory
00:54:08: Plugin successfully uninstalled
00:54:08: Unloading library .\Plugin_OctreeZone_d
00:54:08: Uninstalling plugin: Portal Connected Zone Scene Manager
00:54:08: Plugin successfully uninstalled
00:54:08: Unloading library .\Plugin_PCZSceneManager_d
00:54:08: Uninstalling plugin: GL RenderSystem
00:54:08: Unregistering ResourceManager for type GpuProgram
00:54:08: *** Stopping Win32GL Subsystem ***
00:54:08: Unregistering ResourceManager for type Texture
00:54:08: Plugin successfully uninstalled
00:54:08: Unloading library .\RenderSystem_GL_d
00:54:08: Uninstalling plugin: D3D9 RenderSystem
00:54:08: D3D9 : Shutting down cleanly.
00:54:08: D3D9 : Direct3D9 Rendering Subsystem destroyed.
00:54:08: Plugin successfully uninstalled
00:54:08: Unloading library .\RenderSystem_Direct3D9_d
00:54:08: Unregistering ResourceManager for type Material
